
======================================================
======================================================
= SCRIPT TO FIX A REPORT                             =
======================================================
======================================================
Starting time : mercredi 11 novembre 2020, 23:08:21 (UTC+0100)
Version : 0.0.4

TARGET_REPORT=./report/scan_dir_files.Mr-Hyde.20201111.230805.csv
BADLINE_REPORT=./report/scan_dir_files.Mr-Hyde.20201111.230805.bad.csv
LOG_PATH=./log/fix_report.Mr-Hyde.20201111.230821.log
TMP_PATH=./tmp/fix_report.1.23607.tmp
TMP2_PATH=./tmp/fix_report.2.23607.tmp
TMP3_PATH=./tmp/fix_report.3.23607.tmp
------------------------------------------------------
[i] RULE-01 - Keeping the line with 14 delimiters
[i] RULE-02 - Keeping line with valid letters
[i] Copying valid lines in original file
[i] Copying bad lines in anormal file
 - No bad lines to copy in anormal file
------------------------------------------------------
[i] Removing the temporary file ./tmp/fix_report.1.23607.tmp
[i] Removing the temporary file ./tmp/fix_report.2.23607.tmp
[i] Removing the temporary file ./tmp/fix_report.3.23607.tmp
------------------------------------------------------
Exit code = 0
------------------------------------------------------
