
======================================================
======================================================
= SCRIPT TO FIX A REPORT                             =
======================================================
======================================================
Starting time : jeudi 26 novembre 2020, 21:10:53 (UTC+0100)
Version : 0.0.5

TARGET_REPORT=report/scan_dir_files.Mr-Hyde.20201126.211034.csv
BADLINE_REPORT=report/scan_dir_files.Mr-Hyde.20201126.211034.bad.csv
LOG_PATH=/home/zidmann/Bureau/ProjetsInformatiques/FileAnalyzer/Linux/log/fix_report.Mr-Hyde.20201126.211053.log
TMP_PATH=/home/zidmann/Bureau/ProjetsInformatiques/FileAnalyzer/Linux/tmp/fix_report.1.5741.tmp
TMP2_PATH=/home/zidmann/Bureau/ProjetsInformatiques/FileAnalyzer/Linux/tmp/fix_report.2.5741.tmp
TMP3_PATH=/home/zidmann/Bureau/ProjetsInformatiques/FileAnalyzer/Linux/tmp/fix_report.3.5741.tmp
TMP4_PATH=/home/zidmann/Bureau/ProjetsInformatiques/FileAnalyzer/Linux/tmp/fix_report.4.5741.tmp
------------------------------------------------------
[i] RULE-01 - Keeping the line with 14 delimiters
[i] RULE-02 - Removing the line with unknown status column
[i] RULE-03 - Keeping line with valid letters
[i] Copying valid lines in original file
[i] Copying bad lines in anormal file
 - No bad lines to copy in anormal file
------------------------------------------------------
[i] Removing the temporary file /home/zidmann/Bureau/ProjetsInformatiques/FileAnalyzer/Linux/tmp/fix_report.1.5741.tmp
[i] Removing the temporary file /home/zidmann/Bureau/ProjetsInformatiques/FileAnalyzer/Linux/tmp/fix_report.2.5741.tmp
[i] Removing the temporary file /home/zidmann/Bureau/ProjetsInformatiques/FileAnalyzer/Linux/tmp/fix_report.4.5741.tmp
------------------------------------------------------
Elapsed time : 0 sec
Ending time  : jeudi 26 novembre 2020, 21:10:53 (UTC+0100)
------------------------------------------------------
Exit code = 0
------------------------------------------------------
