
======================================================
======================================================
= SCRIPT TO ANALYZE FILES IN A HARDDRIVE             =
======================================================
======================================================
Starting time : dimanche 13 octobre 2019, 18:20:11 (UTC+0200)
Version : 0.0.1

TARGET_DIR=/home/zidmann/Bureau/ProjetsInformatiques/FileAnalyzer/Linux/
LOG_PATH=../log/scan_files.Mr-Hyde.20191013.182011.log
REPORT_PATH=../report/scan_files.Mr-Hyde.20191013.182011.csv
TMP_PATH=../tmp/scan_files.1.9495.tmp
TMP2_PATH=../tmp/scan_files.2.9495.tmp
------------------------------------------------------
[i] Analyze of the files
------------------------------------------------------
[i] Sort of the information
------------------------------------------------------
[i] Removing the temporary file ../tmp/scan_files.1.9495.tmp
[i] Removing the temporary file ../tmp/scan_files.2.9495.tmp
------------------------------------------------------
Exit code = 0
------------------------------------------------------
