
======================================================
======================================================
= SCRIPT TO ANALYZE FILES IN A DIRECTORY             =
======================================================
======================================================
Starting time : samedi 9 mai 2020, 19:30:14 (UTC+0200)
Version : 0.0.3

TARGET_DIR=.
LOG_PATH=./log/scan_dir_files.Mr-Hyde.20200509.193014.log
REPORT_PATH=./report/scan_dir_files.Mr-Hyde.20200509.193014.csv
TMP_PATH=./tmp/scan_dir_files.1.26315.tmp
TMP2_PATH=./tmp/scan_dir_files.2.26315.tmp
------------------------------------------------------
[i] Analyze of the files
------------------------------------------------------
[i] Sort of the information
------------------------------------------------------
[i] Removing the temporary file ./tmp/scan_dir_files.1.26315.tmp
[i] Removing the temporary file ./tmp/scan_dir_files.2.26315.tmp
------------------------------------------------------
Elapsed time : 1 sec
Ending time  : samedi 9 mai 2020, 19:30:15 (UTC+0200)
------------------------------------------------------
Exit code = 0
------------------------------------------------------
